/usr/commercial_amd64/synopsys/syn/P-2019.03-SP5/auxx/gui/dv/dv_setup.tcl
/usr/commercial_amd64/synopsys/syn/P-2019.03-SP5/auxx/gui/syn/snpsSynProcs.tcl
/usr/commercial_amd64/synopsys/syn/P-2019.03-SP5/auxx/gui/syn/layout/pkgIndex.tcl
/usr/commercial_amd64/synopsys/syn/P-2019.03-SP5/auxx/gui/common/WindowFrameWork/pkgIndex.tcl
/usr/commercial_amd64/synopsys/syn/P-2019.03-SP5/auxx/gui/common/acg/pkgIndex.tcl
/usr/commercial_amd64/synopsys/syn/P-2019.03-SP5/auxx/gui/common/commandform/pkgIndex.tcl
/usr/commercial_amd64/synopsys/syn/P-2019.03-SP5/auxx/gui/common/dialogs/pkgIndex.tcl
/usr/commercial_amd64/synopsys/syn/P-2019.03-SP5/auxx/gui/common/docBrowser/pkgIndex.tcl
/usr/commercial_amd64/synopsys/syn/P-2019.03-SP5/auxx/gui/common/fanoutviewer/pkgIndex.tcl
/usr/commercial_amd64/synopsys/syn/P-2019.03-SP5/auxx/gui/common/hierarchy/pkgIndex.tcl
/usr/commercial_amd64/synopsys/syn/P-2019.03-SP5/auxx/gui/common/highlight/pkgIndex.tcl
/usr/commercial_amd64/synopsys/syn/P-2019.03-SP5/auxx/gui/common/histogram/pkgIndex.tcl
/usr/commercial_amd64/synopsys/syn/P-2019.03-SP5/auxx/gui/common/layout/pkgIndex.tcl
/usr/commercial_amd64/synopsys/syn/P-2019.03-SP5/auxx/gui/common/libviewer/pkgIndex.tcl
/usr/commercial_amd64/synopsys/syn/P-2019.03-SP5/auxx/gui/common/menus/pkgIndex.tcl
/usr/commercial_amd64/synopsys/syn/P-2019.03-SP5/auxx/gui/common/misc/pkgIndex.tcl
/usr/commercial_amd64/synopsys/syn/P-2019.03-SP5/auxx/gui/common/mrupalette/pkgIndex.tcl
/usr/commercial_amd64/synopsys/syn/P-2019.03-SP5/auxx/gui/common/opdlg/pkgIndex.tcl
/usr/commercial_amd64/synopsys/syn/P-2019.03-SP5/auxx/gui/common/palettegroup/pkgIndex.tcl
/usr/commercial_amd64/synopsys/syn/P-2019.03-SP5/auxx/gui/common/pathinspector/pkgIndex.tcl
/usr/commercial_amd64/synopsys/syn/P-2019.03-SP5/auxx/gui/common/profiler/pkgIndex.tcl
/usr/commercial_amd64/synopsys/syn/P-2019.03-SP5/auxx/gui/common/qtcl/pkgIndex.tcl
/usr/commercial_amd64/synopsys/syn/P-2019.03-SP5/auxx/gui/common/regressionToolkit/pkgIndex.tcl
/usr/commercial_amd64/synopsys/syn/P-2019.03-SP5/auxx/gui/common/schematic/pkgIndex.tcl
/usr/commercial_amd64/synopsys/syn/P-2019.03-SP5/auxx/gui/common/select/pkgIndex.tcl
/usr/commercial_amd64/synopsys/syn/P-2019.03-SP5/auxx/gui/common/setup/pkgIndex.tcl
/usr/commercial_amd64/synopsys/syn/P-2019.03-SP5/auxx/gui/common/strokes/pkgIndex.tcl
/usr/commercial_amd64/synopsys/syn/P-2019.03-SP5/auxx/gui/common/table/pkgIndex.tcl
/usr/commercial_amd64/synopsys/syn/P-2019.03-SP5/auxx/gui/common/tcl-dp/pkgIndex.tcl
/usr/commercial_amd64/synopsys/syn/P-2019.03-SP5/auxx/gui/common/tiledview/pkgIndex.tcl
/usr/commercial_amd64/synopsys/syn/P-2019.03-SP5/auxx/gui/common/timing/pkgIndex.tcl
/usr/commercial_amd64/synopsys/syn/P-2019.03-SP5/auxx/gui/common/tq/pkgIndex.tcl
/usr/commercial_amd64/synopsys/syn/P-2019.03-SP5/auxx/gui/common/view/pkgIndex.tcl
/usr/commercial_amd64/synopsys/syn/P-2019.03-SP5/auxx/gui/dv/pkgIndex.tcl
/usr/commercial_amd64/synopsys/syn/P-2019.03-SP5/auxx/syn/lib/pkgIndex.tcl
/usr/commercial_amd64/synopsys/syn/P-2019.03-SP5/auxx/tcllib/lib/iwidgets4.1/pkgIndex.tcl
/usr/commercial_amd64/synopsys/syn/P-2019.03-SP5/auxx/tcllib/snps_tcl/snpsTclPro/pkgIndex.tcl
/usr/commercial_amd64/synopsys/syn/P-2019.03-SP5/auxx/tcllib/snps_tcl/snpsTest/pkgIndex.tcl
/usr/commercial_amd64/synopsys/syn/P-2019.03-SP5/auxx/tcllib/snps_tcl/snpsUtils/pkgIndex.tcl
/usr/commercial_amd64/synopsys/syn/P-2019.03-SP5/auxx/tcllib/snps_tcl/pkgIndex.tcl
/usr/commercial_amd64/synopsys/syn/P-2019.03-SP5/auxx/tcllib/lib/tcl8.6/dde/pkgIndex.tcl
/usr/commercial_amd64/synopsys/syn/P-2019.03-SP5/auxx/tcllib/lib/tcl8.6/http/pkgIndex.tcl
/usr/commercial_amd64/synopsys/syn/P-2019.03-SP5/auxx/tcllib/lib/tcl8.6/http1.0/pkgIndex.tcl
/usr/commercial_amd64/synopsys/syn/P-2019.03-SP5/auxx/tcllib/lib/tcl8.6/msgcat/pkgIndex.tcl
/usr/commercial_amd64/synopsys/syn/P-2019.03-SP5/auxx/tcllib/lib/tcl8.6/opt/pkgIndex.tcl
/usr/commercial_amd64/synopsys/syn/P-2019.03-SP5/auxx/tcllib/lib/tcl8.6/platform/pkgIndex.tcl
/usr/commercial_amd64/synopsys/syn/P-2019.03-SP5/auxx/tcllib/lib/tcl8.6/reg/pkgIndex.tcl
/usr/commercial_amd64/synopsys/syn/P-2019.03-SP5/auxx/tcllib/lib/tcl8.6/tcltest/pkgIndex.tcl
/usr/commercial_amd64/synopsys/syn/P-2019.03-SP5/auxx/gui/common/setup/snpsCommonSetup.tcl
/usr/commercial_amd64/synopsys/syn/P-2019.03-SP5/auxx/gui/common/setup/snpsCustomize.tcl
/usr/commercial_amd64/synopsys/syn/P-2019.03-SP5/auxx/gui/common/setup/snpsProcheck.tcl
/usr/commercial_amd64/synopsys/syn/P-2019.03-SP5/auxx/gui/common/qtcl/.synopsys_qtcl.tcl
/usr/commercial_amd64/synopsys/syn/P-2019.03-SP5/auxx/gui/common/highlight/highlight.tcl
/usr/commercial_amd64/synopsys/syn/P-2019.03-SP5/auxx/gui/common/misc/base.tcl
/usr/commercial_amd64/synopsys/syn/P-2019.03-SP5/auxx/gui/common/misc/timing.tcl
/usr/commercial_amd64/synopsys/syn/P-2019.03-SP5/auxx/gui/common/misc/setting.tcl
/usr/commercial_amd64/synopsys/syn/P-2019.03-SP5/auxx/gui/common/misc/preset.tcl
/usr/commercial_amd64/synopsys/syn/P-2019.03-SP5/auxx/gui/common/WindowFrameWork/windowFrameWork.tcl
/usr/commercial_amd64/synopsys/syn/P-2019.03-SP5/auxx/gui/common/WindowFrameWork/skipBusyCursorCmdList.tcl
/usr/commercial_amd64/synopsys/syn/P-2019.03-SP5/auxx/gui/common/docBrowser/docBrowser.tcl
/usr/commercial_amd64/synopsys/syn/P-2019.03-SP5/auxx/tcllib/snps_tcl/snpsUtils/snpsUtils.tcl
/usr/commercial_amd64/synopsys/syn/P-2019.03-SP5/auxx/gui/common/dialogs/ObjectChooser.tcl
/usr/commercial_amd64/synopsys/syn/P-2019.03-SP5/auxx/gui/common/misc/DialogObjectChooser.tcl
/usr/commercial_amd64/synopsys/syn/P-2019.03-SP5/auxx/gui/common/dialogs/HistBinInformation.tcl
/usr/commercial_amd64/synopsys/syn/P-2019.03-SP5/auxx/gui/common/dialogs/HistBin1Information.tcl
/usr/commercial_amd64/synopsys/syn/P-2019.03-SP5/auxx/gui/common/dialogs/BinsOnlyInformation.tcl
/usr/commercial_amd64/synopsys/syn/P-2019.03-SP5/auxx/gui/common/dialogs/FileChooser.tcl
/usr/commercial_amd64/synopsys/syn/P-2019.03-SP5/auxx/gui/common/dialogs/PathPinSimpleInfo.tcl
/usr/commercial_amd64/synopsys/syn/P-2019.03-SP5/auxx/gui/common/dialogs/PathsBasicInfo.tcl
/usr/commercial_amd64/synopsys/syn/P-2019.03-SP5/auxx/gui/common/dialogs/PathsBasicSimpleInfo.tcl
/usr/commercial_amd64/synopsys/syn/P-2019.03-SP5/auxx/gui/common/dialogs/SlctOperationInfo.tcl
/usr/commercial_amd64/synopsys/syn/P-2019.03-SP5/auxx/gui/common/dialogs/ObjectListInfo.tcl
/usr/commercial_amd64/synopsys/syn/P-2019.03-SP5/auxx/gui/common/dialogs/FanInOutInfo.tcl
/usr/commercial_amd64/synopsys/syn/P-2019.03-SP5/auxx/gui/common/dialogs/NumberOfLevelsChooser.tcl
/usr/commercial_amd64/synopsys/syn/P-2019.03-SP5/auxx/gui/common/dialogs/WindowReuseInfo.tcl
/usr/commercial_amd64/synopsys/syn/P-2019.03-SP5/auxx/gui/common/dialogs/ReportOutputOptionInfo.tcl
/usr/commercial_amd64/synopsys/syn/P-2019.03-SP5/auxx/gui/common/setup/snpsCollections.tcl
/usr/commercial_amd64/synopsys/syn/P-2019.03-SP5/auxx/gui/common/dialogs/CompileLinkDesign.tcl
/usr/commercial_amd64/synopsys/syn/P-2019.03-SP5/auxx/gui/common/histogram/DialogEndpointSlack.tcl
/usr/commercial_amd64/synopsys/syn/P-2019.03-SP5/auxx/gui/common/histogram/DialogPathsSlack.tcl
/usr/commercial_amd64/synopsys/syn/P-2019.03-SP5/auxx/gui/common/histogram/DialogNetCapacitance.tcl
/usr/commercial_amd64/synopsys/syn/P-2019.03-SP5/auxx/gui/common/schematic/DialogPathSchematicFanInOut.tcl
/usr/commercial_amd64/synopsys/syn/P-2019.03-SP5/auxx/gui/common/schematic/DialogPathSchematicAddPaths.tcl
/users/wtan/Desktop/TCASII20/RTL-level Implementation/reduce_pipe/compiledc.tcl
/users/wtan/Desktop/TCASII20/RTL-level Implementation/reduce_pipe/mul_and_reduce_pipe.v
/users/wtan/Desktop/TCASII20/RTL-level Implementation/reduce_pipe/multiplier_CONSTS.v
/users/wtan/Desktop/TCASII20/RTL-level Implementation/reduce_pipe/multiplier.v
/usr/commercial_amd64/synopsys/libraries/SAED32_EDK/lib/stdcell_rvt/db_nldm/saed32rvt_tt0p85v25c.db
/usr/commercial_amd64/synopsys/libraries/SAED32_EDK/lib/stdcell_rvt/db_nldm/saed32rvt_dlvl_ss0p95v125c_i0p95v.db
/usr/commercial_amd64/synopsys/syn/P-2019.03-SP5/libraries/syn/dw_foundation.sldb
/usr/commercial_amd64/synopsys/syn/P-2019.03-SP5/libraries/syn/gtech.db
/usr/commercial_amd64/synopsys/syn/P-2019.03-SP5/libraries/syn/standard.sldb
/users/wtan/synopsys_cache_P-2019.03-SP5/DW01/DW01_add/rpl/64/saed32rvt_tt0p85v25c_6856/element.ddc
/users/wtan/synopsys_cache_P-2019.03-SP5/DW01/DW01_sub/rpl/31/saed32rvt_tt0p85v25c_6856/element.ddc
/users/wtan/synopsys_cache_P-2019.03-SP5/DW01/DW01_add/rpl/31/saed32rvt_tt0p85v25c_6856/element.ddc
